2021-03-22 11:17:11,675 [BombeRLeWorld] INFO: Initializing game world
2021-03-22 11:17:12,169 [BombeRLeWorld] INFO: STARTING ROUND #1
2021-03-22 11:17:12,273 [BombeRLeWorld] INFO: STARTING STEP 1
2021-03-22 11:17:12,305 [BombeRLeWorld] INFO: Agent <custom_agent_handIn> chose action RIGHT in 0.03s.
2021-03-22 11:17:12,305 [BombeRLeWorld] WARNING: Agent <custom_agent_handIn> stayed within acceptable think time.
2021-03-22 11:17:12,375 [BombeRLeWorld] INFO: STARTING STEP 2
2021-03-22 11:17:12,402 [BombeRLeWorld] INFO: Agent <custom_agent_handIn> chose action RIGHT in 0.03s.
2021-03-22 11:17:12,402 [BombeRLeWorld] WARNING: Agent <custom_agent_handIn> stayed within acceptable think time.
2021-03-22 11:17:12,476 [BombeRLeWorld] INFO: STARTING STEP 3
2021-03-22 11:17:12,502 [BombeRLeWorld] INFO: Agent <custom_agent_handIn> chose action UP in 0.03s.
2021-03-22 11:17:12,502 [BombeRLeWorld] WARNING: Agent <custom_agent_handIn> stayed within acceptable think time.
2021-03-22 11:17:12,577 [BombeRLeWorld] INFO: STARTING STEP 4
2021-03-22 11:17:12,605 [BombeRLeWorld] INFO: Agent <custom_agent_handIn> chose action UP in 0.03s.
2021-03-22 11:17:12,605 [BombeRLeWorld] WARNING: Agent <custom_agent_handIn> stayed within acceptable think time.
2021-03-22 11:17:12,678 [BombeRLeWorld] INFO: STARTING STEP 5
2021-03-22 11:17:12,697 [BombeRLeWorld] INFO: Agent <custom_agent_handIn> chose action UP in 0.02s.
2021-03-22 11:17:12,697 [BombeRLeWorld] WARNING: Agent <custom_agent_handIn> stayed within acceptable think time.
2021-03-22 11:17:12,780 [BombeRLeWorld] INFO: STARTING STEP 6
2021-03-22 11:17:12,805 [BombeRLeWorld] INFO: Agent <custom_agent_handIn> chose action UP in 0.02s.
2021-03-22 11:17:12,805 [BombeRLeWorld] WARNING: Agent <custom_agent_handIn> stayed within acceptable think time.
2021-03-22 11:17:12,881 [BombeRLeWorld] INFO: STARTING STEP 7
2021-03-22 11:17:12,901 [BombeRLeWorld] INFO: Agent <custom_agent_handIn> chose action RIGHT in 0.02s.
2021-03-22 11:17:12,902 [BombeRLeWorld] WARNING: Agent <custom_agent_handIn> stayed within acceptable think time.
2021-03-22 11:17:12,902 [BombeRLeWorld] INFO: Agent <custom_agent_handIn> picked up coin at (4, 11) and receives 1 point
2021-03-22 11:17:12,983 [BombeRLeWorld] INFO: STARTING STEP 8
2021-03-22 11:17:13,003 [BombeRLeWorld] INFO: Agent <custom_agent_handIn> chose action LEFT in 0.02s.
2021-03-22 11:17:13,003 [BombeRLeWorld] WARNING: Agent <custom_agent_handIn> stayed within acceptable think time.
2021-03-22 11:17:13,090 [BombeRLeWorld] INFO: STARTING STEP 9
2021-03-22 11:17:13,109 [BombeRLeWorld] INFO: Agent <custom_agent_handIn> chose action UP in 0.02s.
2021-03-22 11:17:13,110 [BombeRLeWorld] WARNING: Agent <custom_agent_handIn> stayed within acceptable think time.
2021-03-22 11:17:13,192 [BombeRLeWorld] INFO: STARTING STEP 10
2021-03-22 11:17:13,210 [BombeRLeWorld] INFO: Agent <custom_agent_handIn> chose action UP in 0.02s.
2021-03-22 11:17:13,211 [BombeRLeWorld] WARNING: Agent <custom_agent_handIn> stayed within acceptable think time.
2021-03-22 11:17:13,292 [BombeRLeWorld] INFO: STARTING STEP 11
2021-03-22 11:17:13,317 [BombeRLeWorld] INFO: Agent <custom_agent_handIn> chose action RIGHT in 0.02s.
2021-03-22 11:17:13,317 [BombeRLeWorld] WARNING: Agent <custom_agent_handIn> stayed within acceptable think time.
2021-03-22 11:17:13,393 [BombeRLeWorld] INFO: STARTING STEP 12
2021-03-22 11:17:13,412 [BombeRLeWorld] INFO: Agent <custom_agent_handIn> chose action RIGHT in 0.02s.
2021-03-22 11:17:13,412 [BombeRLeWorld] WARNING: Agent <custom_agent_handIn> stayed within acceptable think time.
2021-03-22 11:17:13,495 [BombeRLeWorld] INFO: STARTING STEP 13
2021-03-22 11:17:13,513 [BombeRLeWorld] INFO: Agent <custom_agent_handIn> chose action RIGHT in 0.02s.
2021-03-22 11:17:13,513 [BombeRLeWorld] WARNING: Agent <custom_agent_handIn> stayed within acceptable think time.
2021-03-22 11:17:13,596 [BombeRLeWorld] INFO: STARTING STEP 14
2021-03-22 11:17:13,623 [BombeRLeWorld] INFO: Agent <custom_agent_handIn> chose action RIGHT in 0.03s.
2021-03-22 11:17:13,623 [BombeRLeWorld] WARNING: Agent <custom_agent_handIn> stayed within acceptable think time.
2021-03-22 11:17:13,698 [BombeRLeWorld] INFO: STARTING STEP 15
2021-03-22 11:17:13,717 [BombeRLeWorld] INFO: Agent <custom_agent_handIn> chose action RIGHT in 0.02s.
2021-03-22 11:17:13,717 [BombeRLeWorld] WARNING: Agent <custom_agent_handIn> stayed within acceptable think time.
2021-03-22 11:17:13,718 [BombeRLeWorld] INFO: Agent <custom_agent_handIn> picked up coin at (8, 9) and receives 1 point
2021-03-22 11:17:13,799 [BombeRLeWorld] INFO: STARTING STEP 16
2021-03-22 11:17:13,817 [BombeRLeWorld] INFO: Agent <custom_agent_handIn> chose action RIGHT in 0.02s.
2021-03-22 11:17:13,817 [BombeRLeWorld] WARNING: Agent <custom_agent_handIn> stayed within acceptable think time.
2021-03-22 11:17:13,901 [BombeRLeWorld] INFO: STARTING STEP 17
2021-03-22 11:17:13,926 [BombeRLeWorld] INFO: Agent <custom_agent_handIn> chose action DOWN in 0.02s.
2021-03-22 11:17:13,926 [BombeRLeWorld] WARNING: Agent <custom_agent_handIn> stayed within acceptable think time.
2021-03-22 11:17:14,003 [BombeRLeWorld] INFO: STARTING STEP 18
2021-03-22 11:17:14,021 [BombeRLeWorld] INFO: Agent <custom_agent_handIn> chose action DOWN in 0.02s.
2021-03-22 11:17:14,022 [BombeRLeWorld] WARNING: Agent <custom_agent_handIn> stayed within acceptable think time.
2021-03-22 11:17:14,104 [BombeRLeWorld] INFO: STARTING STEP 19
2021-03-22 11:17:14,122 [BombeRLeWorld] INFO: Agent <custom_agent_handIn> chose action RIGHT in 0.02s.
2021-03-22 11:17:14,122 [BombeRLeWorld] WARNING: Agent <custom_agent_handIn> stayed within acceptable think time.
2021-03-22 11:17:14,209 [BombeRLeWorld] INFO: STARTING STEP 20
2021-03-22 11:17:14,228 [BombeRLeWorld] INFO: Agent <custom_agent_handIn> chose action RIGHT in 0.02s.
2021-03-22 11:17:14,228 [BombeRLeWorld] WARNING: Agent <custom_agent_handIn> stayed within acceptable think time.
2021-03-22 11:17:14,309 [BombeRLeWorld] INFO: STARTING STEP 21
2021-03-22 11:17:14,328 [BombeRLeWorld] INFO: Agent <custom_agent_handIn> chose action DOWN in 0.02s.
2021-03-22 11:17:14,328 [BombeRLeWorld] WARNING: Agent <custom_agent_handIn> stayed within acceptable think time.
2021-03-22 11:17:14,409 [BombeRLeWorld] INFO: STARTING STEP 22
2021-03-22 11:17:14,435 [BombeRLeWorld] INFO: Agent <custom_agent_handIn> chose action DOWN in 0.03s.
2021-03-22 11:17:14,435 [BombeRLeWorld] WARNING: Agent <custom_agent_handIn> stayed within acceptable think time.
2021-03-22 11:17:14,510 [BombeRLeWorld] INFO: STARTING STEP 23
2021-03-22 11:17:14,529 [BombeRLeWorld] INFO: Agent <custom_agent_handIn> chose action LEFT in 0.02s.
2021-03-22 11:17:14,530 [BombeRLeWorld] WARNING: Agent <custom_agent_handIn> stayed within acceptable think time.
2021-03-22 11:17:14,611 [BombeRLeWorld] INFO: STARTING STEP 24
2021-03-22 11:17:14,630 [BombeRLeWorld] INFO: Agent <custom_agent_handIn> chose action LEFT in 0.02s.
2021-03-22 11:17:14,631 [BombeRLeWorld] WARNING: Agent <custom_agent_handIn> stayed within acceptable think time.
2021-03-22 11:17:14,712 [BombeRLeWorld] INFO: STARTING STEP 25
2021-03-22 11:17:14,737 [BombeRLeWorld] INFO: Agent <custom_agent_handIn> chose action DOWN in 0.02s.
2021-03-22 11:17:14,737 [BombeRLeWorld] WARNING: Agent <custom_agent_handIn> stayed within acceptable think time.
2021-03-22 11:17:14,813 [BombeRLeWorld] INFO: STARTING STEP 26
2021-03-22 11:17:14,831 [BombeRLeWorld] INFO: Agent <custom_agent_handIn> chose action DOWN in 0.02s.
2021-03-22 11:17:14,831 [BombeRLeWorld] WARNING: Agent <custom_agent_handIn> stayed within acceptable think time.
2021-03-22 11:17:14,913 [BombeRLeWorld] INFO: STARTING STEP 27
2021-03-22 11:17:14,932 [BombeRLeWorld] INFO: Agent <custom_agent_handIn> chose action LEFT in 0.02s.
2021-03-22 11:17:14,933 [BombeRLeWorld] WARNING: Agent <custom_agent_handIn> stayed within acceptable think time.
2021-03-22 11:17:15,015 [BombeRLeWorld] INFO: STARTING STEP 28
2021-03-22 11:17:15,044 [BombeRLeWorld] INFO: Agent <custom_agent_handIn> chose action LEFT in 0.03s.
2021-03-22 11:17:15,044 [BombeRLeWorld] WARNING: Agent <custom_agent_handIn> stayed within acceptable think time.
2021-03-22 11:17:15,116 [BombeRLeWorld] INFO: STARTING STEP 29
2021-03-22 11:17:15,134 [BombeRLeWorld] INFO: Agent <custom_agent_handIn> chose action UP in 0.02s.
2021-03-22 11:17:15,134 [BombeRLeWorld] WARNING: Agent <custom_agent_handIn> stayed within acceptable think time.
2021-03-22 11:17:15,218 [BombeRLeWorld] INFO: STARTING STEP 30
2021-03-22 11:17:15,238 [BombeRLeWorld] INFO: Agent <custom_agent_handIn> chose action UP in 0.02s.
2021-03-22 11:17:15,238 [BombeRLeWorld] WARNING: Agent <custom_agent_handIn> stayed within acceptable think time.
2021-03-22 11:17:15,319 [BombeRLeWorld] INFO: STARTING STEP 31
2021-03-22 11:17:15,344 [BombeRLeWorld] INFO: Agent <custom_agent_handIn> chose action UP in 0.02s.
2021-03-22 11:17:15,345 [BombeRLeWorld] WARNING: Agent <custom_agent_handIn> stayed within acceptable think time.
2021-03-22 11:17:15,345 [BombeRLeWorld] INFO: Agent <custom_agent_handIn> picked up coin at (7, 12) and receives 1 point
2021-03-22 11:17:15,421 [BombeRLeWorld] INFO: STARTING STEP 32
2021-03-22 11:17:15,440 [BombeRLeWorld] INFO: Agent <custom_agent_handIn> chose action UP in 0.02s.
2021-03-22 11:17:15,440 [BombeRLeWorld] WARNING: Agent <custom_agent_handIn> stayed within acceptable think time.
2021-03-22 11:17:15,521 [BombeRLeWorld] INFO: STARTING STEP 33
2021-03-22 11:17:15,539 [BombeRLeWorld] INFO: Agent <custom_agent_handIn> chose action LEFT in 0.02s.
2021-03-22 11:17:15,539 [BombeRLeWorld] WARNING: Agent <custom_agent_handIn> stayed within acceptable think time.
2021-03-22 11:17:15,624 [BombeRLeWorld] INFO: STARTING STEP 34
2021-03-22 11:17:15,648 [BombeRLeWorld] INFO: Agent <custom_agent_handIn> chose action LEFT in 0.02s.
2021-03-22 11:17:15,649 [BombeRLeWorld] WARNING: Agent <custom_agent_handIn> stayed within acceptable think time.
2021-03-22 11:17:15,724 [BombeRLeWorld] INFO: STARTING STEP 35
2021-03-22 11:17:15,743 [BombeRLeWorld] INFO: Agent <custom_agent_handIn> chose action LEFT in 0.02s.
2021-03-22 11:17:15,743 [BombeRLeWorld] WARNING: Agent <custom_agent_handIn> stayed within acceptable think time.
2021-03-22 11:17:15,827 [BombeRLeWorld] INFO: STARTING STEP 36
2021-03-22 11:17:15,845 [BombeRLeWorld] INFO: Agent <custom_agent_handIn> chose action LEFT in 0.02s.
2021-03-22 11:17:15,845 [BombeRLeWorld] WARNING: Agent <custom_agent_handIn> stayed within acceptable think time.
2021-03-22 11:17:15,927 [BombeRLeWorld] INFO: STARTING STEP 37
2021-03-22 11:17:15,952 [BombeRLeWorld] INFO: Agent <custom_agent_handIn> chose action UP in 0.02s.
2021-03-22 11:17:15,952 [BombeRLeWorld] WARNING: Agent <custom_agent_handIn> stayed within acceptable think time.
2021-03-22 11:17:16,029 [BombeRLeWorld] INFO: STARTING STEP 38
2021-03-22 11:17:16,048 [BombeRLeWorld] INFO: Agent <custom_agent_handIn> chose action UP in 0.02s.
2021-03-22 11:17:16,048 [BombeRLeWorld] WARNING: Agent <custom_agent_handIn> stayed within acceptable think time.
2021-03-22 11:17:16,131 [BombeRLeWorld] INFO: STARTING STEP 39
2021-03-22 11:17:16,156 [BombeRLeWorld] INFO: Agent <custom_agent_handIn> chose action RIGHT in 0.02s.
2021-03-22 11:17:16,156 [BombeRLeWorld] WARNING: Agent <custom_agent_handIn> stayed within acceptable think time.
2021-03-22 11:17:16,233 [BombeRLeWorld] INFO: STARTING STEP 40
2021-03-22 11:17:16,251 [BombeRLeWorld] INFO: Agent <custom_agent_handIn> chose action RIGHT in 0.02s.
2021-03-22 11:17:16,252 [BombeRLeWorld] WARNING: Agent <custom_agent_handIn> stayed within acceptable think time.
2021-03-22 11:17:16,334 [BombeRLeWorld] INFO: STARTING STEP 41
2021-03-22 11:17:16,352 [BombeRLeWorld] INFO: Agent <custom_agent_handIn> chose action RIGHT in 0.02s.
2021-03-22 11:17:16,352 [BombeRLeWorld] WARNING: Agent <custom_agent_handIn> stayed within acceptable think time.
2021-03-22 11:17:16,436 [BombeRLeWorld] INFO: STARTING STEP 42
2021-03-22 11:17:16,460 [BombeRLeWorld] INFO: Agent <custom_agent_handIn> chose action RIGHT in 0.02s.
2021-03-22 11:17:16,460 [BombeRLeWorld] WARNING: Agent <custom_agent_handIn> stayed within acceptable think time.
2021-03-22 11:17:16,536 [BombeRLeWorld] INFO: STARTING STEP 43
2021-03-22 11:17:16,556 [BombeRLeWorld] INFO: Agent <custom_agent_handIn> chose action UP in 0.02s.
2021-03-22 11:17:16,556 [BombeRLeWorld] WARNING: Agent <custom_agent_handIn> stayed within acceptable think time.
2021-03-22 11:17:16,638 [BombeRLeWorld] INFO: STARTING STEP 44
2021-03-22 11:17:16,656 [BombeRLeWorld] INFO: Agent <custom_agent_handIn> chose action UP in 0.02s.
2021-03-22 11:17:16,656 [BombeRLeWorld] WARNING: Agent <custom_agent_handIn> stayed within acceptable think time.
2021-03-22 11:17:16,739 [BombeRLeWorld] INFO: STARTING STEP 45
2021-03-22 11:17:16,763 [BombeRLeWorld] INFO: Agent <custom_agent_handIn> chose action LEFT in 0.02s.
2021-03-22 11:17:16,764 [BombeRLeWorld] WARNING: Agent <custom_agent_handIn> stayed within acceptable think time.
2021-03-22 11:17:16,840 [BombeRLeWorld] INFO: STARTING STEP 46
2021-03-22 11:17:16,860 [BombeRLeWorld] INFO: Agent <custom_agent_handIn> chose action LEFT in 0.02s.
2021-03-22 11:17:16,860 [BombeRLeWorld] WARNING: Agent <custom_agent_handIn> stayed within acceptable think time.
2021-03-22 11:17:16,941 [BombeRLeWorld] INFO: STARTING STEP 47
2021-03-22 11:17:16,959 [BombeRLeWorld] INFO: Agent <custom_agent_handIn> chose action DOWN in 0.02s.
2021-03-22 11:17:16,960 [BombeRLeWorld] WARNING: Agent <custom_agent_handIn> stayed within acceptable think time.
2021-03-22 11:17:17,042 [BombeRLeWorld] INFO: STARTING STEP 48
2021-03-22 11:17:17,067 [BombeRLeWorld] INFO: Agent <custom_agent_handIn> chose action DOWN in 0.03s.
2021-03-22 11:17:17,068 [BombeRLeWorld] WARNING: Agent <custom_agent_handIn> stayed within acceptable think time.
2021-03-22 11:17:17,143 [BombeRLeWorld] INFO: STARTING STEP 49
2021-03-22 11:17:17,162 [BombeRLeWorld] INFO: Agent <custom_agent_handIn> chose action RIGHT in 0.02s.
2021-03-22 11:17:17,162 [BombeRLeWorld] WARNING: Agent <custom_agent_handIn> stayed within acceptable think time.
2021-03-22 11:17:17,245 [BombeRLeWorld] INFO: STARTING STEP 50
2021-03-22 11:17:17,264 [BombeRLeWorld] INFO: Agent <custom_agent_handIn> chose action RIGHT in 0.02s.
2021-03-22 11:17:17,264 [BombeRLeWorld] WARNING: Agent <custom_agent_handIn> stayed within acceptable think time.
2021-03-22 11:17:17,346 [BombeRLeWorld] INFO: STARTING STEP 51
2021-03-22 11:17:17,376 [BombeRLeWorld] INFO: Agent <custom_agent_handIn> chose action UP in 0.03s.
2021-03-22 11:17:17,376 [BombeRLeWorld] WARNING: Agent <custom_agent_handIn> stayed within acceptable think time.
2021-03-22 11:17:17,448 [BombeRLeWorld] INFO: STARTING STEP 52
2021-03-22 11:17:17,467 [BombeRLeWorld] INFO: Agent <custom_agent_handIn> chose action UP in 0.02s.
2021-03-22 11:17:17,467 [BombeRLeWorld] WARNING: Agent <custom_agent_handIn> stayed within acceptable think time.
2021-03-22 11:17:17,550 [BombeRLeWorld] INFO: STARTING STEP 53
2021-03-22 11:17:17,568 [BombeRLeWorld] INFO: Agent <custom_agent_handIn> chose action LEFT in 0.02s.
2021-03-22 11:17:17,568 [BombeRLeWorld] WARNING: Agent <custom_agent_handIn> stayed within acceptable think time.
2021-03-22 11:17:17,654 [BombeRLeWorld] INFO: STARTING STEP 54
2021-03-22 11:17:17,674 [BombeRLeWorld] INFO: Agent <custom_agent_handIn> chose action LEFT in 0.02s.
2021-03-22 11:17:17,674 [BombeRLeWorld] WARNING: Agent <custom_agent_handIn> stayed within acceptable think time.
2021-03-22 11:17:17,756 [BombeRLeWorld] INFO: STARTING STEP 55
2021-03-22 11:17:17,776 [BombeRLeWorld] INFO: Agent <custom_agent_handIn> chose action DOWN in 0.02s.
2021-03-22 11:17:17,776 [BombeRLeWorld] WARNING: Agent <custom_agent_handIn> stayed within acceptable think time.
2021-03-22 11:17:17,857 [BombeRLeWorld] INFO: STARTING STEP 56
2021-03-22 11:17:17,881 [BombeRLeWorld] INFO: Agent <custom_agent_handIn> chose action DOWN in 0.02s.
2021-03-22 11:17:17,881 [BombeRLeWorld] WARNING: Agent <custom_agent_handIn> stayed within acceptable think time.
2021-03-22 11:17:17,957 [BombeRLeWorld] INFO: STARTING STEP 57
2021-03-22 11:17:17,975 [BombeRLeWorld] INFO: Agent <custom_agent_handIn> chose action RIGHT in 0.02s.
2021-03-22 11:17:17,976 [BombeRLeWorld] WARNING: Agent <custom_agent_handIn> stayed within acceptable think time.
2021-03-22 11:17:18,058 [BombeRLeWorld] INFO: STARTING STEP 58
2021-03-22 11:17:18,086 [BombeRLeWorld] INFO: Agent <custom_agent_handIn> chose action RIGHT in 0.03s.
2021-03-22 11:17:18,086 [BombeRLeWorld] WARNING: Agent <custom_agent_handIn> stayed within acceptable think time.
2021-03-22 11:17:18,164 [BombeRLeWorld] INFO: STARTING STEP 59
2021-03-22 11:17:18,246 [BombeRLeWorld] INFO: Agent <custom_agent_handIn> chose action UP in 0.08s.
2021-03-22 11:17:18,247 [BombeRLeWorld] WARNING: Agent <custom_agent_handIn> stayed within acceptable think time.
2021-03-22 11:17:18,270 [BombeRLeWorld] INFO: STARTING STEP 60
2021-03-22 11:17:18,297 [BombeRLeWorld] INFO: Agent <custom_agent_handIn> chose action UP in 0.03s.
2021-03-22 11:17:18,297 [BombeRLeWorld] WARNING: Agent <custom_agent_handIn> stayed within acceptable think time.
2021-03-22 11:17:18,371 [BombeRLeWorld] INFO: STARTING STEP 61
2021-03-22 11:17:18,398 [BombeRLeWorld] INFO: Agent <custom_agent_handIn> chose action LEFT in 0.03s.
2021-03-22 11:17:18,399 [BombeRLeWorld] WARNING: Agent <custom_agent_handIn> stayed within acceptable think time.
2021-03-22 11:17:18,472 [BombeRLeWorld] INFO: STARTING STEP 62
2021-03-22 11:17:18,502 [BombeRLeWorld] INFO: Agent <custom_agent_handIn> chose action LEFT in 0.03s.
2021-03-22 11:17:18,502 [BombeRLeWorld] WARNING: Agent <custom_agent_handIn> stayed within acceptable think time.
2021-03-22 11:17:18,573 [BombeRLeWorld] INFO: STARTING STEP 63
2021-03-22 11:17:18,601 [BombeRLeWorld] INFO: Agent <custom_agent_handIn> chose action DOWN in 0.03s.
2021-03-22 11:17:18,601 [BombeRLeWorld] WARNING: Agent <custom_agent_handIn> stayed within acceptable think time.
2021-03-22 11:17:18,674 [BombeRLeWorld] INFO: STARTING STEP 64
2021-03-22 11:17:18,695 [BombeRLeWorld] INFO: Agent <custom_agent_handIn> chose action DOWN in 0.02s.
2021-03-22 11:17:18,695 [BombeRLeWorld] WARNING: Agent <custom_agent_handIn> stayed within acceptable think time.
2021-03-22 11:17:18,777 [BombeRLeWorld] INFO: STARTING STEP 65
2021-03-22 11:17:18,802 [BombeRLeWorld] INFO: Agent <custom_agent_handIn> chose action RIGHT in 0.03s.
2021-03-22 11:17:18,802 [BombeRLeWorld] WARNING: Agent <custom_agent_handIn> stayed within acceptable think time.
2021-03-22 11:17:18,877 [BombeRLeWorld] INFO: STARTING STEP 66
2021-03-22 11:17:18,900 [BombeRLeWorld] INFO: Agent <custom_agent_handIn> chose action RIGHT in 0.02s.
2021-03-22 11:17:18,900 [BombeRLeWorld] WARNING: Agent <custom_agent_handIn> stayed within acceptable think time.
2021-03-22 11:17:18,979 [BombeRLeWorld] INFO: STARTING STEP 67
2021-03-22 11:17:19,004 [BombeRLeWorld] INFO: Agent <custom_agent_handIn> chose action UP in 0.02s.
2021-03-22 11:17:19,004 [BombeRLeWorld] WARNING: Agent <custom_agent_handIn> stayed within acceptable think time.
2021-03-22 11:17:19,080 [BombeRLeWorld] INFO: STARTING STEP 68
2021-03-22 11:17:19,112 [BombeRLeWorld] INFO: Agent <custom_agent_handIn> chose action UP in 0.03s.
2021-03-22 11:17:19,112 [BombeRLeWorld] WARNING: Agent <custom_agent_handIn> stayed within acceptable think time.
2021-03-22 11:17:19,185 [BombeRLeWorld] INFO: STARTING STEP 69
2021-03-22 11:17:19,210 [BombeRLeWorld] INFO: Agent <custom_agent_handIn> chose action LEFT in 0.02s.
2021-03-22 11:17:19,210 [BombeRLeWorld] WARNING: Agent <custom_agent_handIn> stayed within acceptable think time.
2021-03-22 11:17:19,287 [BombeRLeWorld] INFO: STARTING STEP 70
2021-03-22 11:17:19,313 [BombeRLeWorld] INFO: Agent <custom_agent_handIn> chose action LEFT in 0.03s.
2021-03-22 11:17:19,313 [BombeRLeWorld] WARNING: Agent <custom_agent_handIn> stayed within acceptable think time.
2021-03-22 11:17:19,388 [BombeRLeWorld] INFO: STARTING STEP 71
2021-03-22 11:17:19,420 [BombeRLeWorld] INFO: Agent <custom_agent_handIn> chose action DOWN in 0.03s.
2021-03-22 11:17:19,420 [BombeRLeWorld] WARNING: Agent <custom_agent_handIn> stayed within acceptable think time.
2021-03-22 11:17:19,494 [BombeRLeWorld] INFO: STARTING STEP 72
2021-03-22 11:17:19,527 [BombeRLeWorld] INFO: Agent <custom_agent_handIn> chose action DOWN in 0.03s.
2021-03-22 11:17:19,528 [BombeRLeWorld] WARNING: Agent <custom_agent_handIn> stayed within acceptable think time.
2021-03-22 11:17:19,595 [BombeRLeWorld] INFO: STARTING STEP 73
2021-03-22 11:17:19,622 [BombeRLeWorld] INFO: Agent <custom_agent_handIn> chose action RIGHT in 0.03s.
2021-03-22 11:17:19,622 [BombeRLeWorld] WARNING: Agent <custom_agent_handIn> stayed within acceptable think time.
